# JRE version: Java(TM) SE Runtime Environment (8.0_181-b13) (build 1.8.0_181-b13)
# Java VM: Java HotSpot(TM) 64-Bit Server VM (25.181-b13 mixed mode windows-amd64 compressed oops)
Heap:
 PSYoungGen      total 76288K, used 2189K [0x000000076b180000, 0x0000000770680000, 0x00000007c0000000)
  eden space 65536K, 3% used [0x000000076b180000,0x000000076b3a3480,0x000000076f180000)
  from space 10752K, 0% used [0x000000076fc00000,0x000000076fc00000,0x0000000770680000)
  to   space 10752K, 0% used [0x000000076f180000,0x000000076f180000,0x000000076fc00000)
 ParOldGen       total 134656K, used 14207K [0x00000006c1400000, 0x00000006c9780000, 0x000000076b180000)
  object space 134656K, 10% used [0x00000006c1400000,0x00000006c21dff20,0x00000006c9780000)
 Metaspace       used 20997K, capacity 21352K, committed 21552K, reserved 1069056K
  class space    used 2580K, capacity 2688K, committed 2688K, reserved 1048576K
GC Heap History (10 events):
Event: 3.304 GC heap before
{Heap before GC invocations=1 (full 0):
 PSYoungGen      total 76288K, used 63745K [0x000000076b180000, 0x0000000770680000, 0x00000007c0000000)
  eden space 65536K, 97% used [0x000000076b180000,0x000000076efc07d8,0x000000076f180000)
  from space 10752K, 0% used [0x000000076fc00000,0x000000076fc00000,0x0000000770680000)
  to   space 10752K, 0% used [0x000000076f180000,0x000000076f180000,0x000000076fc00000)
 ParOldGen       total 175104K, used 0K [0x00000006c1400000, 0x00000006cbf00000, 0x000000076b180000)
  object space 175104K, 0% used [0x00000006c1400000,0x00000006c1400000,0x00000006cbf00000)
 Metaspace       used 13469K, capacity 13698K, committed 13824K, reserved 1060864K
  class space    used 1662K, capacity 1738K, committed 1792K, reserved 1048576K
Event: 3.325 GC heap after
Heap after GC invocations=1 (full 0):
 PSYoungGen      total 76288K, used 10722K [0x000000076b180000, 0x0000000770680000, 0x00000007c0000000)
  eden space 65536K, 0% used [0x000000076b180000,0x000000076b180000,0x000000076f180000)
  from space 10752K, 99% used [0x000000076f180000,0x000000076fbf8af8,0x000000076fc00000)
  to   space 10752K, 0% used [0x000000076fc00000,0x000000076fc00000,0x0000000770680000)
 ParOldGen       total 175104K, used 17728K [0x00000006c1400000, 0x00000006cbf00000, 0x000000076b180000)
  object space 175104K, 10% used [0x00000006c1400000,0x00000006c2550140,0x00000006cbf00000)
 Metaspace       used 13469K, capacity 13698K, committed 13824K, reserved 1060864K
  class space    used 1662K, capacity 1738K, committed 1792K, reserved 1048576K
}
Event: 4.312 GC heap before
{Heap before GC invocations=2 (full 0):
 PSYoungGen      total 76288K, used 76258K [0x000000076b180000, 0x0000000770680000, 0x00000007c0000000)
  eden space 65536K, 100% used [0x000000076b180000,0x000000076f180000,0x000000076f180000)
  from space 10752K, 99% used [0x000000076f180000,0x000000076fbf8af8,0x000000076fc00000)
  to   space 10752K, 0% used [0x000000076fc00000,0x000000076fc00000,0x0000000770680000)
 ParOldGen       total 175104K, used 17728K [0x00000006c1400000, 0x00000006cbf00000, 0x000000076b180000)
  object space 175104K, 10% used [0x00000006c1400000,0x00000006c2550140,0x00000006cbf00000)
 Metaspace       used 13509K, capacity 13762K, committed 13824K, reserved 1060864K
  class space    used 1664K, capacity 1738K, committed 1792K, reserved 1048576K
Event: 4.328 GC heap after
Heap after GC invocations=2 (full 0):
 PSYoungGen      total 76288K, used 10514K [0x000000076b180000, 0x0000000774680000, 0x00000007c0000000)
  eden space 65536K, 0% used [0x000000076b180000,0x000000076b180000,0x000000076f180000)
  from space 10752K, 97% used [0x000000076fc00000,0x00000007706448b0,0x0000000770680000)
  to   space 10752K, 0% used [0x000000076f180000,0x000000076f180000,0x000000076fc00000)
 ParOldGen       total 175104K, used 42036K [0x00000006c1400000, 0x00000006cbf00000, 0x000000076b180000)
  object space 175104K, 24% used [0x00000006c1400000,0x00000006c3d0d170,0x00000006cbf00000)
 Metaspace       used 13509K, capacity 13762K, committed 13824K, reserved 1060864K
  class space    used 1664K, capacity 1738K, committed 1792K, reserved 1048576K
}
Event: 14.847 GC heap before
{Heap before GC invocations=3 (full 0):
 PSYoungGen      total 76288K, used 76050K [0x000000076b180000, 0x0000000774680000, 0x00000007c0000000)
  eden space 65536K, 100% used [0x000000076b180000,0x000000076f180000,0x000000076f180000)
  from space 10752K, 97% used [0x000000076fc00000,0x00000007706448b0,0x0000000770680000)
  to   space 10752K, 0% used [0x000000076f180000,0x000000076f180000,0x000000076fc00000)
 ParOldGen       total 175104K, used 42036K [0x00000006c1400000, 0x00000006cbf00000, 0x000000076b180000)
  object space 175104K, 24% used [0x00000006c1400000,0x00000006c3d0d170,0x00000006cbf00000)
 Metaspace       used 20099K, capacity 20416K, committed 20608K, reserved 1067008K
  class space    used 2506K, capacity 2592K, committed 2688K, reserved 1048576K
Event: 14.861 GC heap after
Heap after GC invocations=3 (full 0):
 PSYoungGen      total 76288K, used 7618K [0x000000076b180000, 0x0000000770680000, 0x00000007c0000000)
  eden space 65536K, 0% used [0x000000076b180000,0x000000076b180000,0x000000076f180000)
  from space 10752K, 70% used [0x000000076f180000,0x000000076f8f0be0,0x000000076fc00000)
  to   space 10752K, 0% used [0x000000076fc00000,0x000000076fc00000,0x0000000770680000)
 ParOldGen       total 175104K, used 42044K [0x00000006c1400000, 0x00000006cbf00000, 0x000000076b180000)
  object space 175104K, 24% used [0x00000006c1400000,0x00000006c3d0f170,0x00000006cbf00000)
 Metaspace       used 20099K, capacity 20416K, committed 20608K, reserved 1067008K
  class space    used 2506K, capacity 2592K, committed 2688K, reserved 1048576K
}
Event: 16.807 GC heap before
{Heap before GC invocations=4 (full 0):
 PSYoungGen      total 76288K, used 18221K [0x000000076b180000, 0x0000000770680000, 0x00000007c0000000)
  eden space 65536K, 16% used [0x000000076b180000,0x000000076bbdaae8,0x000000076f180000)
  from space 10752K, 70% used [0x000000076f180000,0x000000076f8f0be0,0x000000076fc00000)
  to   space 10752K, 0% used [0x000000076fc00000,0x000000076fc00000,0x0000000770680000)
 ParOldGen       total 175104K, used 42044K [0x00000006c1400000, 0x00000006cbf00000, 0x000000076b180000)
  object space 175104K, 24% used [0x00000006c1400000,0x00000006c3d0f170,0x00000006cbf00000)
 Metaspace       used 20851K, capacity 21128K, committed 21296K, reserved 1069056K
  class space    used 2573K, capacity 2656K, committed 2688K, reserved 1048576K
Event: 16.819 GC heap after
Heap after GC invocations=4 (full 0):
 PSYoungGen      total 76288K, used 6716K [0x000000076b180000, 0x0000000770680000, 0x00000007c0000000)
  eden space 65536K, 0% used [0x000000076b180000,0x000000076b180000,0x000000076f180000)
  from space 10752K, 62% used [0x000000076fc00000,0x000000077028f2e8,0x0000000770680000)
  to   space 10752K, 0% used [0x000000076f180000,0x000000076f180000,0x000000076fc00000)
 ParOldGen       total 175104K, used 42052K [0x00000006c1400000, 0x00000006cbf00000, 0x000000076b180000)
  object space 175104K, 24% used [0x00000006c1400000,0x00000006c3d11170,0x00000006cbf00000)
 Metaspace       used 20851K, capacity 21128K, committed 21296K, reserved 1069056K
  class space    used 2573K, capacity 2656K, committed 2688K, reserved 1048576K
}
Event: 16.819 GC heap before
{Heap before GC invocations=5 (full 1):
 PSYoungGen      total 76288K, used 6716K [0x000000076b180000, 0x0000000770680000, 0x00000007c0000000)
  eden space 65536K, 0% used [0x000000076b180000,0x000000076b180000,0x000000076f180000)
  from space 10752K, 62% used [0x000000076fc00000,0x000000077028f2e8,0x0000000770680000)
  to   space 10752K, 0% used [0x000000076f180000,0x000000076f180000,0x000000076fc00000)
 ParOldGen       total 175104K, used 42052K [0x00000006c1400000, 0x00000006cbf00000, 0x000000076b180000)
  object space 175104K, 24% used [0x00000006c1400000,0x00000006c3d11170,0x00000006cbf00000)
 Metaspace       used 20851K, capacity 21128K, committed 21296K, reserved 1069056K
  class space    used 2573K, capacity 2656K, committed 2688K, reserved 1048576K
Event: 16.881 GC heap after
Heap after GC invocations=5 (full 1):
 PSYoungGen      total 76288K, used 0K [0x000000076b180000, 0x0000000770680000, 0x00000007c0000000)
  eden space 65536K, 0% used [0x000000076b180000,0x000000076b180000,0x000000076f180000)
  from space 10752K, 0% used [0x000000076fc00000,0x000000076fc00000,0x0000000770680000)
  to   space 10752K, 0% used [0x000000076f180000,0x000000076f180000,0x000000076fc00000)
 ParOldGen       total 134656K, used 14207K [0x00000006c1400000, 0x00000006c9780000, 0x000000076b180000)
  object space 134656K, 10% used [0x00000006c1400000,0x00000006c21dff20,0x00000006c9780000)
 Metaspace       used 20851K, capacity 21128K, committed 21296K, reserved 1069056K
  class space    used 2573K, capacity 2656K, committed 2688K, reserved 1048576K
}

